{"numTotalTestSuites":7,"numPassedTestSuites":0,"numFailedTestSuites":7,"numPendingTestSuites":0,"numTotalTests":26,"numPassedTests":0,"numFailedTests":26,"numPendingTests":0,"numTodoTests":0,"snapshot":{"added":0,"failure":false,"filesAdded":0,"filesRemoved":0,"filesRemovedList":[],"filesUnmatched":0,"filesUpdated":0,"matched":0,"total":0,"unchecked":0,"uncheckedKeysByFile":[],"unmatched":0,"updated":0,"didUpdate":false},"startTime":1771604904074,"success":false,"testResults":[{"assertionResults":[{"ancestorTitles":["check-console-log hook","detects console.log statements"],"fullName":"check-console-log hook detects console.log statements warns when console.log is found in a .js file","status":"failed","title":"warns when console.log is found in a .js file","duration":6.494599999999991,"failureMessages":["C:/Users/nowhe/OneDrive/바탕 화면/AI/artibot/plugins/artibot/scripts/hooks/check-console-log.js:5\n#!/usr/bin/env node\n^\n\nSyntaxError: Invalid or unexpected token\n    at new Script (node:vm:117:7)\n    at createScript (node:vm:269:10)\n    at Object.runInThisContext (node:vm:317:10)\n    at VitestModuleEvaluator._runInlinedModule (file:///C:/Users/nowhe/AppData/Local/npm-cache/_npx/69c381f8ad94b576/node_modules/vitest/dist/module-evaluator.js:196:81)\n    at file:///C:/Users/nowhe/AppData/Local/npm-cache/_npx/69c381f8ad94b576/node_modules/vitest/dist/module-evaluator.js:107:62\n    at Traces.$ (file:///C:/Users/nowhe/AppData/Local/npm-cache/_npx/69c381f8ad94b576/node_modules/vitest/dist/chunks/traces.CCmnQaNT.js:142:27)\n    at VitestModuleEvaluator.runInlinedModule (file:///C:/Users/nowhe/AppData/Local/npm-cache/_npx/69c381f8ad94b576/node_modules/vitest/dist/module-evaluator.js:107:21)\n    at VitestModuleRunner.directRequest (file:///C:/Users/nowhe/AppData/Local/npm-cache/_npx/69c381f8ad94b576/node_modules/vite/dist/node/module-runner.js:1146:80)\n    at processTicksAndRejections (node:internal/process/task_queues:105:5)\n    at VitestModuleRunner.cachedRequest (file:///C:/Users/nowhe/AppData/Local/npm-cache/_npx/69c381f8ad94b576/node_modules/vite/dist/node/module-runner.js:1053:73)"],"meta":{}},{"ancestorTitles":["check-console-log hook","detects console.log statements"],"fullName":"check-console-log hook detects console.log statements detects console.debug statements","status":"failed","title":"detects console.debug statements","duration":0.6644000000000005,"failureMessages":["C:/Users/nowhe/OneDrive/바탕 화면/AI/artibot/plugins/artibot/scripts/hooks/check-console-log.js:5\n#!/usr/bin/env node\n^\n\nSyntaxError: Invalid or unexpected token\n    at new Script (node:vm:117:7)\n    at createScript (node:vm:269:10)\n    at Object.runInThisContext (node:vm:317:10)\n    at VitestModuleEvaluator._runInlinedModule (file:///C:/Users/nowhe/AppData/Local/npm-cache/_npx/69c381f8ad94b576/node_modules/vitest/dist/module-evaluator.js:196:81)\n    at file:///C:/Users/nowhe/AppData/Local/npm-cache/_npx/69c381f8ad94b576/node_modules/vitest/dist/module-evaluator.js:107:62\n    at Traces.$ (file:///C:/Users/nowhe/AppData/Local/npm-cache/_npx/69c381f8ad94b576/node_modules/vitest/dist/chunks/traces.CCmnQaNT.js:142:27)\n    at VitestModuleEvaluator.runInlinedModule (file:///C:/Users/nowhe/AppData/Local/npm-cache/_npx/69c381f8ad94b576/node_modules/vitest/dist/module-evaluator.js:107:21)\n    at VitestModuleRunner.directRequest (file:///C:/Users/nowhe/AppData/Local/npm-cache/_npx/69c381f8ad94b576/node_modules/vite/dist/node/module-runner.js:1146:80)\n    at processTicksAndRejections (node:internal/process/task_queues:105:5)\n    at VitestModuleRunner.cachedRequest (file:///C:/Users/nowhe/AppData/Local/npm-cache/_npx/69c381f8ad94b576/node_modules/vite/dist/node/module-runner.js:1053:73)"],"meta":{}},{"ancestorTitles":["check-console-log hook","detects console.log statements"],"fullName":"check-console-log hook detects console.log statements detects console.info statements","status":"failed","title":"detects console.info statements","duration":0.5238999999999976,"failureMessages":["C:/Users/nowhe/OneDrive/바탕 화면/AI/artibot/plugins/artibot/scripts/hooks/check-console-log.js:5\n#!/usr/bin/env node\n^\n\nSyntaxError: Invalid or unexpected token\n    at new Script (node:vm:117:7)\n    at createScript (node:vm:269:10)\n    at Object.runInThisContext (node:vm:317:10)\n    at VitestModuleEvaluator._runInlinedModule (file:///C:/Users/nowhe/AppData/Local/npm-cache/_npx/69c381f8ad94b576/node_modules/vitest/dist/module-evaluator.js:196:81)\n    at file:///C:/Users/nowhe/AppData/Local/npm-cache/_npx/69c381f8ad94b576/node_modules/vitest/dist/module-evaluator.js:107:62\n    at Traces.$ (file:///C:/Users/nowhe/AppData/Local/npm-cache/_npx/69c381f8ad94b576/node_modules/vitest/dist/chunks/traces.CCmnQaNT.js:142:27)\n    at VitestModuleEvaluator.runInlinedModule (file:///C:/Users/nowhe/AppData/Local/npm-cache/_npx/69c381f8ad94b576/node_modules/vitest/dist/module-evaluator.js:107:21)\n    at VitestModuleRunner.directRequest (file:///C:/Users/nowhe/AppData/Local/npm-cache/_npx/69c381f8ad94b576/node_modules/vite/dist/node/module-runner.js:1146:80)\n    at processTicksAndRejections (node:internal/process/task_queues:105:5)\n    at VitestModuleRunner.cachedRequest (file:///C:/Users/nowhe/AppData/Local/npm-cache/_npx/69c381f8ad94b576/node_modules/vite/dist/node/module-runner.js:1053:73)"],"meta":{}},{"ancestorTitles":["check-console-log hook","detects console.log statements"],"fullName":"check-console-log hook detects console.log statements reports multiple lines with console statements","status":"failed","title":"reports multiple lines with console statements","duration":0.6096000000000004,"failureMessages":["C:/Users/nowhe/OneDrive/바탕 화면/AI/artibot/plugins/artibot/scripts/hooks/check-console-log.js:5\n#!/usr/bin/env node\n^\n\nSyntaxError: Invalid or unexpected token\n    at new Script (node:vm:117:7)\n    at createScript (node:vm:269:10)\n    at Object.runInThisContext (node:vm:317:10)\n    at VitestModuleEvaluator._runInlinedModule (file:///C:/Users/nowhe/AppData/Local/npm-cache/_npx/69c381f8ad94b576/node_modules/vitest/dist/module-evaluator.js:196:81)\n    at file:///C:/Users/nowhe/AppData/Local/npm-cache/_npx/69c381f8ad94b576/node_modules/vitest/dist/module-evaluator.js:107:62\n    at Traces.$ (file:///C:/Users/nowhe/AppData/Local/npm-cache/_npx/69c381f8ad94b576/node_modules/vitest/dist/chunks/traces.CCmnQaNT.js:142:27)\n    at VitestModuleEvaluator.runInlinedModule (file:///C:/Users/nowhe/AppData/Local/npm-cache/_npx/69c381f8ad94b576/node_modules/vitest/dist/module-evaluator.js:107:21)\n    at VitestModuleRunner.directRequest (file:///C:/Users/nowhe/AppData/Local/npm-cache/_npx/69c381f8ad94b576/node_modules/vite/dist/node/module-runner.js:1146:80)\n    at processTicksAndRejections (node:internal/process/task_queues:105:5)\n    at VitestModuleRunner.cachedRequest (file:///C:/Users/nowhe/AppData/Local/npm-cache/_npx/69c381f8ad94b576/node_modules/vite/dist/node/module-runner.js:1053:73)"],"meta":{}},{"ancestorTitles":["check-console-log hook","detects console.log statements"],"fullName":"check-console-log hook detects console.log statements reports warnings across multiple files","status":"failed","title":"reports warnings across multiple files","duration":0.5704000000000065,"failureMessages":["C:/Users/nowhe/OneDrive/바탕 화면/AI/artibot/plugins/artibot/scripts/hooks/check-console-log.js:5\n#!/usr/bin/env node\n^\n\nSyntaxError: Invalid or unexpected token\n    at new Script (node:vm:117:7)\n    at createScript (node:vm:269:10)\n    at Object.runInThisContext (node:vm:317:10)\n    at VitestModuleEvaluator._runInlinedModule (file:///C:/Users/nowhe/AppData/Local/npm-cache/_npx/69c381f8ad94b576/node_modules/vitest/dist/module-evaluator.js:196:81)\n    at file:///C:/Users/nowhe/AppData/Local/npm-cache/_npx/69c381f8ad94b576/node_modules/vitest/dist/module-evaluator.js:107:62\n    at Traces.$ (file:///C:/Users/nowhe/AppData/Local/npm-cache/_npx/69c381f8ad94b576/node_modules/vitest/dist/chunks/traces.CCmnQaNT.js:142:27)\n    at VitestModuleEvaluator.runInlinedModule (file:///C:/Users/nowhe/AppData/Local/npm-cache/_npx/69c381f8ad94b576/node_modules/vitest/dist/module-evaluator.js:107:21)\n    at VitestModuleRunner.directRequest (file:///C:/Users/nowhe/AppData/Local/npm-cache/_npx/69c381f8ad94b576/node_modules/vite/dist/node/module-runner.js:1146:80)\n    at processTicksAndRejections (node:internal/process/task_queues:105:5)\n    at VitestModuleRunner.cachedRequest (file:///C:/Users/nowhe/AppData/Local/npm-cache/_npx/69c381f8ad94b576/node_modules/vite/dist/node/module-runner.js:1053:73)"],"meta":{}},{"ancestorTitles":["check-console-log hook","scannable file extensions"],"fullName":"check-console-log hook scannable file extensions scans /project/src/app.js (.js)","status":"failed","title":"scans /project/src/app.js (.js)","duration":0.49799999999999045,"failureMessages":["C:/Users/nowhe/OneDrive/바탕 화면/AI/artibot/plugins/artibot/scripts/hooks/check-console-log.js:5\n#!/usr/bin/env node\n^\n\nSyntaxError: Invalid or unexpected token\n    at new Script (node:vm:117:7)\n    at createScript (node:vm:269:10)\n    at Object.runInThisContext (node:vm:317:10)\n    at VitestModuleEvaluator._runInlinedModule (file:///C:/Users/nowhe/AppData/Local/npm-cache/_npx/69c381f8ad94b576/node_modules/vitest/dist/module-evaluator.js:196:81)\n    at file:///C:/Users/nowhe/AppData/Local/npm-cache/_npx/69c381f8ad94b576/node_modules/vitest/dist/module-evaluator.js:107:62\n    at Traces.$ (file:///C:/Users/nowhe/AppData/Local/npm-cache/_npx/69c381f8ad94b576/node_modules/vitest/dist/chunks/traces.CCmnQaNT.js:142:27)\n    at VitestModuleEvaluator.runInlinedModule (file:///C:/Users/nowhe/AppData/Local/npm-cache/_npx/69c381f8ad94b576/node_modules/vitest/dist/module-evaluator.js:107:21)\n    at VitestModuleRunner.directRequest (file:///C:/Users/nowhe/AppData/Local/npm-cache/_npx/69c381f8ad94b576/node_modules/vite/dist/node/module-runner.js:1146:80)\n    at processTicksAndRejections (node:internal/process/task_queues:105:5)\n    at VitestModuleRunner.cachedRequest (file:///C:/Users/nowhe/AppData/Local/npm-cache/_npx/69c381f8ad94b576/node_modules/vite/dist/node/module-runner.js:1053:73)"],"meta":{}},{"ancestorTitles":["check-console-log hook","scannable file extensions"],"fullName":"check-console-log hook scannable file extensions scans /project/src/app.jsx (.jsx)","status":"failed","title":"scans /project/src/app.jsx (.jsx)","duration":0.43540000000001555,"failureMessages":["C:/Users/nowhe/OneDrive/바탕 화면/AI/artibot/plugins/artibot/scripts/hooks/check-console-log.js:5\n#!/usr/bin/env node\n^\n\nSyntaxError: Invalid or unexpected token\n    at new Script (node:vm:117:7)\n    at createScript (node:vm:269:10)\n    at Object.runInThisContext (node:vm:317:10)\n    at VitestModuleEvaluator._runInlinedModule (file:///C:/Users/nowhe/AppData/Local/npm-cache/_npx/69c381f8ad94b576/node_modules/vitest/dist/module-evaluator.js:196:81)\n    at file:///C:/Users/nowhe/AppData/Local/npm-cache/_npx/69c381f8ad94b576/node_modules/vitest/dist/module-evaluator.js:107:62\n    at Traces.$ (file:///C:/Users/nowhe/AppData/Local/npm-cache/_npx/69c381f8ad94b576/node_modules/vitest/dist/chunks/traces.CCmnQaNT.js:142:27)\n    at VitestModuleEvaluator.runInlinedModule (file:///C:/Users/nowhe/AppData/Local/npm-cache/_npx/69c381f8ad94b576/node_modules/vitest/dist/module-evaluator.js:107:21)\n    at VitestModuleRunner.directRequest (file:///C:/Users/nowhe/AppData/Local/npm-cache/_npx/69c381f8ad94b576/node_modules/vite/dist/node/module-runner.js:1146:80)\n    at processTicksAndRejections (node:internal/process/task_queues:105:5)\n    at VitestModuleRunner.cachedRequest (file:///C:/Users/nowhe/AppData/Local/npm-cache/_npx/69c381f8ad94b576/node_modules/vite/dist/node/module-runner.js:1053:73)"],"meta":{}},{"ancestorTitles":["check-console-log hook","scannable file extensions"],"fullName":"check-console-log hook scannable file extensions scans /project/src/app.ts (.ts)","status":"failed","title":"scans /project/src/app.ts (.ts)","duration":0.5483000000000118,"failureMessages":["C:/Users/nowhe/OneDrive/바탕 화면/AI/artibot/plugins/artibot/scripts/hooks/check-console-log.js:5\n#!/usr/bin/env node\n^\n\nSyntaxError: Invalid or unexpected token\n    at new Script (node:vm:117:7)\n    at createScript (node:vm:269:10)\n    at Object.runInThisContext (node:vm:317:10)\n    at VitestModuleEvaluator._runInlinedModule (file:///C:/Users/nowhe/AppData/Local/npm-cache/_npx/69c381f8ad94b576/node_modules/vitest/dist/module-evaluator.js:196:81)\n    at file:///C:/Users/nowhe/AppData/Local/npm-cache/_npx/69c381f8ad94b576/node_modules/vitest/dist/module-evaluator.js:107:62\n    at Traces.$ (file:///C:/Users/nowhe/AppData/Local/npm-cache/_npx/69c381f8ad94b576/node_modules/vitest/dist/chunks/traces.CCmnQaNT.js:142:27)\n    at VitestModuleEvaluator.runInlinedModule (file:///C:/Users/nowhe/AppData/Local/npm-cache/_npx/69c381f8ad94b576/node_modules/vitest/dist/module-evaluator.js:107:21)\n    at VitestModuleRunner.directRequest (file:///C:/Users/nowhe/AppData/Local/npm-cache/_npx/69c381f8ad94b576/node_modules/vite/dist/node/module-runner.js:1146:80)\n    at processTicksAndRejections (node:internal/process/task_queues:105:5)\n    at VitestModuleRunner.cachedRequest (file:///C:/Users/nowhe/AppData/Local/npm-cache/_npx/69c381f8ad94b576/node_modules/vite/dist/node/module-runner.js:1053:73)"],"meta":{}},{"ancestorTitles":["check-console-log hook","scannable file extensions"],"fullName":"check-console-log hook scannable file extensions scans /project/src/app.tsx (.tsx)","status":"failed","title":"scans /project/src/app.tsx (.tsx)","duration":1.0013000000000147,"failureMessages":["C:/Users/nowhe/OneDrive/바탕 화면/AI/artibot/plugins/artibot/scripts/hooks/check-console-log.js:5\n#!/usr/bin/env node\n^\n\nSyntaxError: Invalid or unexpected token\n    at new Script (node:vm:117:7)\n    at createScript (node:vm:269:10)\n    at Object.runInThisContext (node:vm:317:10)\n    at VitestModuleEvaluator._runInlinedModule (file:///C:/Users/nowhe/AppData/Local/npm-cache/_npx/69c381f8ad94b576/node_modules/vitest/dist/module-evaluator.js:196:81)\n    at file:///C:/Users/nowhe/AppData/Local/npm-cache/_npx/69c381f8ad94b576/node_modules/vitest/dist/module-evaluator.js:107:62\n    at Traces.$ (file:///C:/Users/nowhe/AppData/Local/npm-cache/_npx/69c381f8ad94b576/node_modules/vitest/dist/chunks/traces.CCmnQaNT.js:142:27)\n    at VitestModuleEvaluator.runInlinedModule (file:///C:/Users/nowhe/AppData/Local/npm-cache/_npx/69c381f8ad94b576/node_modules/vitest/dist/module-evaluator.js:107:21)\n    at VitestModuleRunner.directRequest (file:///C:/Users/nowhe/AppData/Local/npm-cache/_npx/69c381f8ad94b576/node_modules/vite/dist/node/module-runner.js:1146:80)\n    at processTicksAndRejections (node:internal/process/task_queues:105:5)\n    at VitestModuleRunner.cachedRequest (file:///C:/Users/nowhe/AppData/Local/npm-cache/_npx/69c381f8ad94b576/node_modules/vite/dist/node/module-runner.js:1053:73)"],"meta":{}},{"ancestorTitles":["check-console-log hook","scannable file extensions"],"fullName":"check-console-log hook scannable file extensions scans /project/src/app.mjs (.mjs)","status":"failed","title":"scans /project/src/app.mjs (.mjs)","duration":0.8963999999999999,"failureMessages":["C:/Users/nowhe/OneDrive/바탕 화면/AI/artibot/plugins/artibot/scripts/hooks/check-console-log.js:5\n#!/usr/bin/env node\n^\n\nSyntaxError: Invalid or unexpected token\n    at new Script (node:vm:117:7)\n    at createScript (node:vm:269:10)\n    at Object.runInThisContext (node:vm:317:10)\n    at VitestModuleEvaluator._runInlinedModule (file:///C:/Users/nowhe/AppData/Local/npm-cache/_npx/69c381f8ad94b576/node_modules/vitest/dist/module-evaluator.js:196:81)\n    at file:///C:/Users/nowhe/AppData/Local/npm-cache/_npx/69c381f8ad94b576/node_modules/vitest/dist/module-evaluator.js:107:62\n    at Traces.$ (file:///C:/Users/nowhe/AppData/Local/npm-cache/_npx/69c381f8ad94b576/node_modules/vitest/dist/chunks/traces.CCmnQaNT.js:142:27)\n    at VitestModuleEvaluator.runInlinedModule (file:///C:/Users/nowhe/AppData/Local/npm-cache/_npx/69c381f8ad94b576/node_modules/vitest/dist/module-evaluator.js:107:21)\n    at VitestModuleRunner.directRequest (file:///C:/Users/nowhe/AppData/Local/npm-cache/_npx/69c381f8ad94b576/node_modules/vite/dist/node/module-runner.js:1146:80)\n    at processTicksAndRejections (node:internal/process/task_queues:105:5)\n    at VitestModuleRunner.cachedRequest (file:///C:/Users/nowhe/AppData/Local/npm-cache/_npx/69c381f8ad94b576/node_modules/vite/dist/node/module-runner.js:1053:73)"],"meta":{}},{"ancestorTitles":["check-console-log hook","scannable file extensions"],"fullName":"check-console-log hook scannable file extensions scans /project/src/app.cjs (.cjs)","status":"failed","title":"scans /project/src/app.cjs (.cjs)","duration":0.8610999999999933,"failureMessages":["C:/Users/nowhe/OneDrive/바탕 화면/AI/artibot/plugins/artibot/scripts/hooks/check-console-log.js:5\n#!/usr/bin/env node\n^\n\nSyntaxError: Invalid or unexpected token\n    at new Script (node:vm:117:7)\n    at createScript (node:vm:269:10)\n    at Object.runInThisContext (node:vm:317:10)\n    at VitestModuleEvaluator._runInlinedModule (file:///C:/Users/nowhe/AppData/Local/npm-cache/_npx/69c381f8ad94b576/node_modules/vitest/dist/module-evaluator.js:196:81)\n    at file:///C:/Users/nowhe/AppData/Local/npm-cache/_npx/69c381f8ad94b576/node_modules/vitest/dist/module-evaluator.js:107:62\n    at Traces.$ (file:///C:/Users/nowhe/AppData/Local/npm-cache/_npx/69c381f8ad94b576/node_modules/vitest/dist/chunks/traces.CCmnQaNT.js:142:27)\n    at VitestModuleEvaluator.runInlinedModule (file:///C:/Users/nowhe/AppData/Local/npm-cache/_npx/69c381f8ad94b576/node_modules/vitest/dist/module-evaluator.js:107:21)\n    at VitestModuleRunner.directRequest (file:///C:/Users/nowhe/AppData/Local/npm-cache/_npx/69c381f8ad94b576/node_modules/vite/dist/node/module-runner.js:1146:80)\n    at processTicksAndRejections (node:internal/process/task_queues:105:5)\n    at VitestModuleRunner.cachedRequest (file:///C:/Users/nowhe/AppData/Local/npm-cache/_npx/69c381f8ad94b576/node_modules/vite/dist/node/module-runner.js:1053:73)"],"meta":{}},{"ancestorTitles":["check-console-log hook","scannable file extensions"],"fullName":"check-console-log hook scannable file extensions skips non-scannable file: /project/src/styles.css (.css)","status":"failed","title":"skips non-scannable file: /project/src/styles.css (.css)","duration":0.7259999999999991,"failureMessages":["C:/Users/nowhe/OneDrive/바탕 화면/AI/artibot/plugins/artibot/scripts/hooks/check-console-log.js:5\n#!/usr/bin/env node\n^\n\nSyntaxError: Invalid or unexpected token\n    at new Script (node:vm:117:7)\n    at createScript (node:vm:269:10)\n    at Object.runInThisContext (node:vm:317:10)\n    at VitestModuleEvaluator._runInlinedModule (file:///C:/Users/nowhe/AppData/Local/npm-cache/_npx/69c381f8ad94b576/node_modules/vitest/dist/module-evaluator.js:196:81)\n    at file:///C:/Users/nowhe/AppData/Local/npm-cache/_npx/69c381f8ad94b576/node_modules/vitest/dist/module-evaluator.js:107:62\n    at Traces.$ (file:///C:/Users/nowhe/AppData/Local/npm-cache/_npx/69c381f8ad94b576/node_modules/vitest/dist/chunks/traces.CCmnQaNT.js:142:27)\n    at VitestModuleEvaluator.runInlinedModule (file:///C:/Users/nowhe/AppData/Local/npm-cache/_npx/69c381f8ad94b576/node_modules/vitest/dist/module-evaluator.js:107:21)\n    at VitestModuleRunner.directRequest (file:///C:/Users/nowhe/AppData/Local/npm-cache/_npx/69c381f8ad94b576/node_modules/vite/dist/node/module-runner.js:1146:80)\n    at processTicksAndRejections (node:internal/process/task_queues:105:5)\n    at VitestModuleRunner.cachedRequest (file:///C:/Users/nowhe/AppData/Local/npm-cache/_npx/69c381f8ad94b576/node_modules/vite/dist/node/module-runner.js:1053:73)"],"meta":{}},{"ancestorTitles":["check-console-log hook","scannable file extensions"],"fullName":"check-console-log hook scannable file extensions skips non-scannable file: /project/README.md (.md)","status":"failed","title":"skips non-scannable file: /project/README.md (.md)","duration":0.5980999999999881,"failureMessages":["C:/Users/nowhe/OneDrive/바탕 화면/AI/artibot/plugins/artibot/scripts/hooks/check-console-log.js:5\n#!/usr/bin/env node\n^\n\nSyntaxError: Invalid or unexpected token\n    at new Script (node:vm:117:7)\n    at createScript (node:vm:269:10)\n    at Object.runInThisContext (node:vm:317:10)\n    at VitestModuleEvaluator._runInlinedModule (file:///C:/Users/nowhe/AppData/Local/npm-cache/_npx/69c381f8ad94b576/node_modules/vitest/dist/module-evaluator.js:196:81)\n    at file:///C:/Users/nowhe/AppData/Local/npm-cache/_npx/69c381f8ad94b576/node_modules/vitest/dist/module-evaluator.js:107:62\n    at Traces.$ (file:///C:/Users/nowhe/AppData/Local/npm-cache/_npx/69c381f8ad94b576/node_modules/vitest/dist/chunks/traces.CCmnQaNT.js:142:27)\n    at VitestModuleEvaluator.runInlinedModule (file:///C:/Users/nowhe/AppData/Local/npm-cache/_npx/69c381f8ad94b576/node_modules/vitest/dist/module-evaluator.js:107:21)\n    at VitestModuleRunner.directRequest (file:///C:/Users/nowhe/AppData/Local/npm-cache/_npx/69c381f8ad94b576/node_modules/vite/dist/node/module-runner.js:1146:80)\n    at processTicksAndRejections (node:internal/process/task_queues:105:5)\n    at VitestModuleRunner.cachedRequest (file:///C:/Users/nowhe/AppData/Local/npm-cache/_npx/69c381f8ad94b576/node_modules/vite/dist/node/module-runner.js:1053:73)"],"meta":{}},{"ancestorTitles":["check-console-log hook","scannable file extensions"],"fullName":"check-console-log hook scannable file extensions skips non-scannable file: /project/data.json (.json)","status":"failed","title":"skips non-scannable file: /project/data.json (.json)","duration":0.5912000000000148,"failureMessages":["C:/Users/nowhe/OneDrive/바탕 화면/AI/artibot/plugins/artibot/scripts/hooks/check-console-log.js:5\n#!/usr/bin/env node\n^\n\nSyntaxError: Invalid or unexpected token\n    at new Script (node:vm:117:7)\n    at createScript (node:vm:269:10)\n    at Object.runInThisContext (node:vm:317:10)\n    at VitestModuleEvaluator._runInlinedModule (file:///C:/Users/nowhe/AppData/Local/npm-cache/_npx/69c381f8ad94b576/node_modules/vitest/dist/module-evaluator.js:196:81)\n    at file:///C:/Users/nowhe/AppData/Local/npm-cache/_npx/69c381f8ad94b576/node_modules/vitest/dist/module-evaluator.js:107:62\n    at Traces.$ (file:///C:/Users/nowhe/AppData/Local/npm-cache/_npx/69c381f8ad94b576/node_modules/vitest/dist/chunks/traces.CCmnQaNT.js:142:27)\n    at VitestModuleEvaluator.runInlinedModule (file:///C:/Users/nowhe/AppData/Local/npm-cache/_npx/69c381f8ad94b576/node_modules/vitest/dist/module-evaluator.js:107:21)\n    at VitestModuleRunner.directRequest (file:///C:/Users/nowhe/AppData/Local/npm-cache/_npx/69c381f8ad94b576/node_modules/vite/dist/node/module-runner.js:1146:80)\n    at processTicksAndRejections (node:internal/process/task_queues:105:5)\n    at VitestModuleRunner.cachedRequest (file:///C:/Users/nowhe/AppData/Local/npm-cache/_npx/69c381f8ad94b576/node_modules/vite/dist/node/module-runner.js:1053:73)"],"meta":{}},{"ancestorTitles":["check-console-log hook","scannable file extensions"],"fullName":"check-console-log hook scannable file extensions skips non-scannable file: /project/config.yml (.yml)","status":"failed","title":"skips non-scannable file: /project/config.yml (.yml)","duration":1.23599999999999,"failureMessages":["C:/Users/nowhe/OneDrive/바탕 화면/AI/artibot/plugins/artibot/scripts/hooks/check-console-log.js:5\n#!/usr/bin/env node\n^\n\nSyntaxError: Invalid or unexpected token\n    at new Script (node:vm:117:7)\n    at createScript (node:vm:269:10)\n    at Object.runInThisContext (node:vm:317:10)\n    at VitestModuleEvaluator._runInlinedModule (file:///C:/Users/nowhe/AppData/Local/npm-cache/_npx/69c381f8ad94b576/node_modules/vitest/dist/module-evaluator.js:196:81)\n    at file:///C:/Users/nowhe/AppData/Local/npm-cache/_npx/69c381f8ad94b576/node_modules/vitest/dist/module-evaluator.js:107:62\n    at Traces.$ (file:///C:/Users/nowhe/AppData/Local/npm-cache/_npx/69c381f8ad94b576/node_modules/vitest/dist/chunks/traces.CCmnQaNT.js:142:27)\n    at VitestModuleEvaluator.runInlinedModule (file:///C:/Users/nowhe/AppData/Local/npm-cache/_npx/69c381f8ad94b576/node_modules/vitest/dist/module-evaluator.js:107:21)\n    at VitestModuleRunner.directRequest (file:///C:/Users/nowhe/AppData/Local/npm-cache/_npx/69c381f8ad94b576/node_modules/vite/dist/node/module-runner.js:1146:80)\n    at processTicksAndRejections (node:internal/process/task_queues:105:5)\n    at VitestModuleRunner.cachedRequest (file:///C:/Users/nowhe/AppData/Local/npm-cache/_npx/69c381f8ad94b576/node_modules/vite/dist/node/module-runner.js:1053:73)"],"meta":{}},{"ancestorTitles":["check-console-log hook","scannable file extensions"],"fullName":"check-console-log hook scannable file extensions skips non-scannable file: /project/image.png (.png)","status":"failed","title":"skips non-scannable file: /project/image.png (.png)","duration":0.5079000000000065,"failureMessages":["C:/Users/nowhe/OneDrive/바탕 화면/AI/artibot/plugins/artibot/scripts/hooks/check-console-log.js:5\n#!/usr/bin/env node\n^\n\nSyntaxError: Invalid or unexpected token\n    at new Script (node:vm:117:7)\n    at createScript (node:vm:269:10)\n    at Object.runInThisContext (node:vm:317:10)\n    at VitestModuleEvaluator._runInlinedModule (file:///C:/Users/nowhe/AppData/Local/npm-cache/_npx/69c381f8ad94b576/node_modules/vitest/dist/module-evaluator.js:196:81)\n    at file:///C:/Users/nowhe/AppData/Local/npm-cache/_npx/69c381f8ad94b576/node_modules/vitest/dist/module-evaluator.js:107:62\n    at Traces.$ (file:///C:/Users/nowhe/AppData/Local/npm-cache/_npx/69c381f8ad94b576/node_modules/vitest/dist/chunks/traces.CCmnQaNT.js:142:27)\n    at VitestModuleEvaluator.runInlinedModule (file:///C:/Users/nowhe/AppData/Local/npm-cache/_npx/69c381f8ad94b576/node_modules/vitest/dist/module-evaluator.js:107:21)\n    at VitestModuleRunner.directRequest (file:///C:/Users/nowhe/AppData/Local/npm-cache/_npx/69c381f8ad94b576/node_modules/vite/dist/node/module-runner.js:1146:80)\n    at processTicksAndRejections (node:internal/process/task_queues:105:5)\n    at VitestModuleRunner.cachedRequest (file:///C:/Users/nowhe/AppData/Local/npm-cache/_npx/69c381f8ad94b576/node_modules/vite/dist/node/module-runner.js:1053:73)"],"meta":{}},{"ancestorTitles":["check-console-log hook","no console statements"],"fullName":"check-console-log hook no console statements does not warn when files have no console statements","status":"failed","title":"does not warn when files have no console statements","duration":0.42799999999999727,"failureMessages":["C:/Users/nowhe/OneDrive/바탕 화면/AI/artibot/plugins/artibot/scripts/hooks/check-console-log.js:5\n#!/usr/bin/env node\n^\n\nSyntaxError: Invalid or unexpected token\n    at new Script (node:vm:117:7)\n    at createScript (node:vm:269:10)\n    at Object.runInThisContext (node:vm:317:10)\n    at VitestModuleEvaluator._runInlinedModule (file:///C:/Users/nowhe/AppData/Local/npm-cache/_npx/69c381f8ad94b576/node_modules/vitest/dist/module-evaluator.js:196:81)\n    at file:///C:/Users/nowhe/AppData/Local/npm-cache/_npx/69c381f8ad94b576/node_modules/vitest/dist/module-evaluator.js:107:62\n    at Traces.$ (file:///C:/Users/nowhe/AppData/Local/npm-cache/_npx/69c381f8ad94b576/node_modules/vitest/dist/chunks/traces.CCmnQaNT.js:142:27)\n    at VitestModuleEvaluator.runInlinedModule (file:///C:/Users/nowhe/AppData/Local/npm-cache/_npx/69c381f8ad94b576/node_modules/vitest/dist/module-evaluator.js:107:21)\n    at VitestModuleRunner.directRequest (file:///C:/Users/nowhe/AppData/Local/npm-cache/_npx/69c381f8ad94b576/node_modules/vite/dist/node/module-runner.js:1146:80)\n    at processTicksAndRejections (node:internal/process/task_queues:105:5)\n    at VitestModuleRunner.cachedRequest (file:///C:/Users/nowhe/AppData/Local/npm-cache/_npx/69c381f8ad94b576/node_modules/vite/dist/node/module-runner.js:1053:73)"],"meta":{}},{"ancestorTitles":["check-console-log hook","no console statements"],"fullName":"check-console-log hook no console statements does not match console.error or console.warn","status":"failed","title":"does not match console.error or console.warn","duration":0.3474999999999966,"failureMessages":["C:/Users/nowhe/OneDrive/바탕 화면/AI/artibot/plugins/artibot/scripts/hooks/check-console-log.js:5\n#!/usr/bin/env node\n^\n\nSyntaxError: Invalid or unexpected token\n    at new Script (node:vm:117:7)\n    at createScript (node:vm:269:10)\n    at Object.runInThisContext (node:vm:317:10)\n    at VitestModuleEvaluator._runInlinedModule (file:///C:/Users/nowhe/AppData/Local/npm-cache/_npx/69c381f8ad94b576/node_modules/vitest/dist/module-evaluator.js:196:81)\n    at file:///C:/Users/nowhe/AppData/Local/npm-cache/_npx/69c381f8ad94b576/node_modules/vitest/dist/module-evaluator.js:107:62\n    at Traces.$ (file:///C:/Users/nowhe/AppData/Local/npm-cache/_npx/69c381f8ad94b576/node_modules/vitest/dist/chunks/traces.CCmnQaNT.js:142:27)\n    at VitestModuleEvaluator.runInlinedModule (file:///C:/Users/nowhe/AppData/Local/npm-cache/_npx/69c381f8ad94b576/node_modules/vitest/dist/module-evaluator.js:107:21)\n    at VitestModuleRunner.directRequest (file:///C:/Users/nowhe/AppData/Local/npm-cache/_npx/69c381f8ad94b576/node_modules/vite/dist/node/module-runner.js:1146:80)\n    at processTicksAndRejections (node:internal/process/task_queues:105:5)\n    at VitestModuleRunner.cachedRequest (file:///C:/Users/nowhe/AppData/Local/npm-cache/_npx/69c381f8ad94b576/node_modules/vite/dist/node/module-runner.js:1053:73)"],"meta":{}},{"ancestorTitles":["check-console-log hook","edge cases"],"fullName":"check-console-log hook edge cases does not call writeStdout when modified_files is empty","status":"failed","title":"does not call writeStdout when modified_files is empty","duration":0.3656000000000006,"failureMessages":["C:/Users/nowhe/OneDrive/바탕 화면/AI/artibot/plugins/artibot/scripts/hooks/check-console-log.js:5\n#!/usr/bin/env node\n^\n\nSyntaxError: Invalid or unexpected token\n    at new Script (node:vm:117:7)\n    at createScript (node:vm:269:10)\n    at Object.runInThisContext (node:vm:317:10)\n    at VitestModuleEvaluator._runInlinedModule (file:///C:/Users/nowhe/AppData/Local/npm-cache/_npx/69c381f8ad94b576/node_modules/vitest/dist/module-evaluator.js:196:81)\n    at file:///C:/Users/nowhe/AppData/Local/npm-cache/_npx/69c381f8ad94b576/node_modules/vitest/dist/module-evaluator.js:107:62\n    at Traces.$ (file:///C:/Users/nowhe/AppData/Local/npm-cache/_npx/69c381f8ad94b576/node_modules/vitest/dist/chunks/traces.CCmnQaNT.js:142:27)\n    at VitestModuleEvaluator.runInlinedModule (file:///C:/Users/nowhe/AppData/Local/npm-cache/_npx/69c381f8ad94b576/node_modules/vitest/dist/module-evaluator.js:107:21)\n    at VitestModuleRunner.directRequest (file:///C:/Users/nowhe/AppData/Local/npm-cache/_npx/69c381f8ad94b576/node_modules/vite/dist/node/module-runner.js:1146:80)\n    at processTicksAndRejections (node:internal/process/task_queues:105:5)\n    at VitestModuleRunner.cachedRequest (file:///C:/Users/nowhe/AppData/Local/npm-cache/_npx/69c381f8ad94b576/node_modules/vite/dist/node/module-runner.js:1053:73)"],"meta":{}},{"ancestorTitles":["check-console-log hook","edge cases"],"fullName":"check-console-log hook edge cases does not call writeStdout when modified_files is not an array","status":"failed","title":"does not call writeStdout when modified_files is not an array","duration":0.3921999999999741,"failureMessages":["C:/Users/nowhe/OneDrive/바탕 화면/AI/artibot/plugins/artibot/scripts/hooks/check-console-log.js:5\n#!/usr/bin/env node\n^\n\nSyntaxError: Invalid or unexpected token\n    at new Script (node:vm:117:7)\n    at createScript (node:vm:269:10)\n    at Object.runInThisContext (node:vm:317:10)\n    at VitestModuleEvaluator._runInlinedModule (file:///C:/Users/nowhe/AppData/Local/npm-cache/_npx/69c381f8ad94b576/node_modules/vitest/dist/module-evaluator.js:196:81)\n    at file:///C:/Users/nowhe/AppData/Local/npm-cache/_npx/69c381f8ad94b576/node_modules/vitest/dist/module-evaluator.js:107:62\n    at Traces.$ (file:///C:/Users/nowhe/AppData/Local/npm-cache/_npx/69c381f8ad94b576/node_modules/vitest/dist/chunks/traces.CCmnQaNT.js:142:27)\n    at VitestModuleEvaluator.runInlinedModule (file:///C:/Users/nowhe/AppData/Local/npm-cache/_npx/69c381f8ad94b576/node_modules/vitest/dist/module-evaluator.js:107:21)\n    at VitestModuleRunner.directRequest (file:///C:/Users/nowhe/AppData/Local/npm-cache/_npx/69c381f8ad94b576/node_modules/vite/dist/node/module-runner.js:1146:80)\n    at processTicksAndRejections (node:internal/process/task_queues:105:5)\n    at VitestModuleRunner.cachedRequest (file:///C:/Users/nowhe/AppData/Local/npm-cache/_npx/69c381f8ad94b576/node_modules/vite/dist/node/module-runner.js:1053:73)"],"meta":{}},{"ancestorTitles":["check-console-log hook","edge cases"],"fullName":"check-console-log hook edge cases reads files from the \"files\" field as fallback","status":"failed","title":"reads files from the \"files\" field as fallback","duration":0.3324000000000069,"failureMessages":["C:/Users/nowhe/OneDrive/바탕 화면/AI/artibot/plugins/artibot/scripts/hooks/check-console-log.js:5\n#!/usr/bin/env node\n^\n\nSyntaxError: Invalid or unexpected token\n    at new Script (node:vm:117:7)\n    at createScript (node:vm:269:10)\n    at Object.runInThisContext (node:vm:317:10)\n    at VitestModuleEvaluator._runInlinedModule (file:///C:/Users/nowhe/AppData/Local/npm-cache/_npx/69c381f8ad94b576/node_modules/vitest/dist/module-evaluator.js:196:81)\n    at file:///C:/Users/nowhe/AppData/Local/npm-cache/_npx/69c381f8ad94b576/node_modules/vitest/dist/module-evaluator.js:107:62\n    at Traces.$ (file:///C:/Users/nowhe/AppData/Local/npm-cache/_npx/69c381f8ad94b576/node_modules/vitest/dist/chunks/traces.CCmnQaNT.js:142:27)\n    at VitestModuleEvaluator.runInlinedModule (file:///C:/Users/nowhe/AppData/Local/npm-cache/_npx/69c381f8ad94b576/node_modules/vitest/dist/module-evaluator.js:107:21)\n    at VitestModuleRunner.directRequest (file:///C:/Users/nowhe/AppData/Local/npm-cache/_npx/69c381f8ad94b576/node_modules/vite/dist/node/module-runner.js:1146:80)\n    at processTicksAndRejections (node:internal/process/task_queues:105:5)\n    at VitestModuleRunner.cachedRequest (file:///C:/Users/nowhe/AppData/Local/npm-cache/_npx/69c381f8ad94b576/node_modules/vite/dist/node/module-runner.js:1053:73)"],"meta":{}},{"ancestorTitles":["check-console-log hook","edge cases"],"fullName":"check-console-log hook edge cases skips files that do not exist","status":"failed","title":"skips files that do not exist","duration":0.31279999999998154,"failureMessages":["C:/Users/nowhe/OneDrive/바탕 화면/AI/artibot/plugins/artibot/scripts/hooks/check-console-log.js:5\n#!/usr/bin/env node\n^\n\nSyntaxError: Invalid or unexpected token\n    at new Script (node:vm:117:7)\n    at createScript (node:vm:269:10)\n    at Object.runInThisContext (node:vm:317:10)\n    at VitestModuleEvaluator._runInlinedModule (file:///C:/Users/nowhe/AppData/Local/npm-cache/_npx/69c381f8ad94b576/node_modules/vitest/dist/module-evaluator.js:196:81)\n    at file:///C:/Users/nowhe/AppData/Local/npm-cache/_npx/69c381f8ad94b576/node_modules/vitest/dist/module-evaluator.js:107:62\n    at Traces.$ (file:///C:/Users/nowhe/AppData/Local/npm-cache/_npx/69c381f8ad94b576/node_modules/vitest/dist/chunks/traces.CCmnQaNT.js:142:27)\n    at VitestModuleEvaluator.runInlinedModule (file:///C:/Users/nowhe/AppData/Local/npm-cache/_npx/69c381f8ad94b576/node_modules/vitest/dist/module-evaluator.js:107:21)\n    at VitestModuleRunner.directRequest (file:///C:/Users/nowhe/AppData/Local/npm-cache/_npx/69c381f8ad94b576/node_modules/vite/dist/node/module-runner.js:1146:80)\n    at processTicksAndRejections (node:internal/process/task_queues:105:5)\n    at VitestModuleRunner.cachedRequest (file:///C:/Users/nowhe/AppData/Local/npm-cache/_npx/69c381f8ad94b576/node_modules/vite/dist/node/module-runner.js:1053:73)"],"meta":{}},{"ancestorTitles":["check-console-log hook","edge cases"],"fullName":"check-console-log hook edge cases skips files that cannot be read","status":"failed","title":"skips files that cannot be read","duration":0.3155999999999892,"failureMessages":["C:/Users/nowhe/OneDrive/바탕 화면/AI/artibot/plugins/artibot/scripts/hooks/check-console-log.js:5\n#!/usr/bin/env node\n^\n\nSyntaxError: Invalid or unexpected token\n    at new Script (node:vm:117:7)\n    at createScript (node:vm:269:10)\n    at Object.runInThisContext (node:vm:317:10)\n    at VitestModuleEvaluator._runInlinedModule (file:///C:/Users/nowhe/AppData/Local/npm-cache/_npx/69c381f8ad94b576/node_modules/vitest/dist/module-evaluator.js:196:81)\n    at file:///C:/Users/nowhe/AppData/Local/npm-cache/_npx/69c381f8ad94b576/node_modules/vitest/dist/module-evaluator.js:107:62\n    at Traces.$ (file:///C:/Users/nowhe/AppData/Local/npm-cache/_npx/69c381f8ad94b576/node_modules/vitest/dist/chunks/traces.CCmnQaNT.js:142:27)\n    at VitestModuleEvaluator.runInlinedModule (file:///C:/Users/nowhe/AppData/Local/npm-cache/_npx/69c381f8ad94b576/node_modules/vitest/dist/module-evaluator.js:107:21)\n    at VitestModuleRunner.directRequest (file:///C:/Users/nowhe/AppData/Local/npm-cache/_npx/69c381f8ad94b576/node_modules/vite/dist/node/module-runner.js:1146:80)\n    at processTicksAndRejections (node:internal/process/task_queues:105:5)\n    at VitestModuleRunner.cachedRequest (file:///C:/Users/nowhe/AppData/Local/npm-cache/_npx/69c381f8ad94b576/node_modules/vite/dist/node/module-runner.js:1053:73)"],"meta":{}},{"ancestorTitles":["check-console-log hook","edge cases"],"fullName":"check-console-log hook edge cases includes \"Consider removing before commit\" in warning message","status":"failed","title":"includes \"Consider removing before commit\" in warning message","duration":0.3312999999999988,"failureMessages":["C:/Users/nowhe/OneDrive/바탕 화면/AI/artibot/plugins/artibot/scripts/hooks/check-console-log.js:5\n#!/usr/bin/env node\n^\n\nSyntaxError: Invalid or unexpected token\n    at new Script (node:vm:117:7)\n    at createScript (node:vm:269:10)\n    at Object.runInThisContext (node:vm:317:10)\n    at VitestModuleEvaluator._runInlinedModule (file:///C:/Users/nowhe/AppData/Local/npm-cache/_npx/69c381f8ad94b576/node_modules/vitest/dist/module-evaluator.js:196:81)\n    at file:///C:/Users/nowhe/AppData/Local/npm-cache/_npx/69c381f8ad94b576/node_modules/vitest/dist/module-evaluator.js:107:62\n    at Traces.$ (file:///C:/Users/nowhe/AppData/Local/npm-cache/_npx/69c381f8ad94b576/node_modules/vitest/dist/chunks/traces.CCmnQaNT.js:142:27)\n    at VitestModuleEvaluator.runInlinedModule (file:///C:/Users/nowhe/AppData/Local/npm-cache/_npx/69c381f8ad94b576/node_modules/vitest/dist/module-evaluator.js:107:21)\n    at VitestModuleRunner.directRequest (file:///C:/Users/nowhe/AppData/Local/npm-cache/_npx/69c381f8ad94b576/node_modules/vite/dist/node/module-runner.js:1146:80)\n    at processTicksAndRejections (node:internal/process/task_queues:105:5)\n    at VitestModuleRunner.cachedRequest (file:///C:/Users/nowhe/AppData/Local/npm-cache/_npx/69c381f8ad94b576/node_modules/vite/dist/node/module-runner.js:1053:73)"],"meta":{}},{"ancestorTitles":["check-console-log hook","error handling"],"fullName":"check-console-log hook error handling exits gracefully when readStdin rejects","status":"failed","title":"exits gracefully when readStdin rejects","duration":0.5836999999999932,"failureMessages":["C:/Users/nowhe/OneDrive/바탕 화면/AI/artibot/plugins/artibot/scripts/hooks/check-console-log.js:5\n#!/usr/bin/env node\n^\n\nSyntaxError: Invalid or unexpected token\n    at new Script (node:vm:117:7)\n    at createScript (node:vm:269:10)\n    at Object.runInThisContext (node:vm:317:10)\n    at VitestModuleEvaluator._runInlinedModule (file:///C:/Users/nowhe/AppData/Local/npm-cache/_npx/69c381f8ad94b576/node_modules/vitest/dist/module-evaluator.js:196:81)\n    at file:///C:/Users/nowhe/AppData/Local/npm-cache/_npx/69c381f8ad94b576/node_modules/vitest/dist/module-evaluator.js:107:62\n    at Traces.$ (file:///C:/Users/nowhe/AppData/Local/npm-cache/_npx/69c381f8ad94b576/node_modules/vitest/dist/chunks/traces.CCmnQaNT.js:142:27)\n    at VitestModuleEvaluator.runInlinedModule (file:///C:/Users/nowhe/AppData/Local/npm-cache/_npx/69c381f8ad94b576/node_modules/vitest/dist/module-evaluator.js:107:21)\n    at VitestModuleRunner.directRequest (file:///C:/Users/nowhe/AppData/Local/npm-cache/_npx/69c381f8ad94b576/node_modules/vite/dist/node/module-runner.js:1146:80)\n    at processTicksAndRejections (node:internal/process/task_queues:105:5)\n    at VitestModuleRunner.cachedRequest (file:///C:/Users/nowhe/AppData/Local/npm-cache/_npx/69c381f8ad94b576/node_modules/vite/dist/node/module-runner.js:1053:73)"],"meta":{}},{"ancestorTitles":["check-console-log hook","error handling"],"fullName":"check-console-log hook error handling handles null hookData gracefully","status":"failed","title":"handles null hookData gracefully","duration":0.32749999999998636,"failureMessages":["C:/Users/nowhe/OneDrive/바탕 화면/AI/artibot/plugins/artibot/scripts/hooks/check-console-log.js:5\n#!/usr/bin/env node\n^\n\nSyntaxError: Invalid or unexpected token\n    at new Script (node:vm:117:7)\n    at createScript (node:vm:269:10)\n    at Object.runInThisContext (node:vm:317:10)\n    at VitestModuleEvaluator._runInlinedModule (file:///C:/Users/nowhe/AppData/Local/npm-cache/_npx/69c381f8ad94b576/node_modules/vitest/dist/module-evaluator.js:196:81)\n    at file:///C:/Users/nowhe/AppData/Local/npm-cache/_npx/69c381f8ad94b576/node_modules/vitest/dist/module-evaluator.js:107:62\n    at Traces.$ (file:///C:/Users/nowhe/AppData/Local/npm-cache/_npx/69c381f8ad94b576/node_modules/vitest/dist/chunks/traces.CCmnQaNT.js:142:27)\n    at VitestModuleEvaluator.runInlinedModule (file:///C:/Users/nowhe/AppData/Local/npm-cache/_npx/69c381f8ad94b576/node_modules/vitest/dist/module-evaluator.js:107:21)\n    at VitestModuleRunner.directRequest (file:///C:/Users/nowhe/AppData/Local/npm-cache/_npx/69c381f8ad94b576/node_modules/vite/dist/node/module-runner.js:1146:80)\n    at processTicksAndRejections (node:internal/process/task_queues:105:5)\n    at VitestModuleRunner.cachedRequest (file:///C:/Users/nowhe/AppData/Local/npm-cache/_npx/69c381f8ad94b576/node_modules/vite/dist/node/module-runner.js:1053:73)"],"meta":{}}],"startTime":1771604904318,"endTime":1771604904339.3274,"status":"failed","message":"","name":"C:/Users/nowhe/OneDrive/바탕 화면/AI/artibot/plugins/artibot/tests/hooks/check-console-log.test.js"}]}
